#
# There is insufficient memory for the Java Runtime Environment to continue.
# Native memory allocation (mmap) failed to map 134217728 bytes for G1 virtual space
# Possible reasons:
#   The system is out of physical RAM or swap space
#   The process is running with CompressedOops enabled, and the Java Heap may be blocking the growth of the native heap
# Possible solutions:
#   Reduce memory load on the system
#   Increase physical memory or swap space
#   Check if swap backing store is full
#   Decrease Java heap size (-Xmx/-Xms)
#   Decrease number of Java threads
#   Decrease Java thread stack sizes (-Xss)
#   Set larger code cache with -XX:ReservedCodeCacheSize=
#   JVM is running with Unscaled Compressed Oops mode in which the Java heap is
#     placed in the first 4GB address space. The Java Heap base address is the
#     maximum limit for the native heap growth. Please use -XX:HeapBaseMinAddress
#     to set the Java Heap base and to place the Java Heap above 4GB virtual address.
# This output file may be truncated or incomplete.
#
#  Out of Memory Error (os_windows.cpp:3541), pid=16648, tid=19268
#
# JRE version:  (17.0.5+9) (build )
# Java VM: Java HotSpot(TM) 64-Bit Server VM (17.0.5+9-LTS-191, mixed mode, sharing, tiered, compressed oops, compressed class ptrs, g1 gc, windows-amd64)
# No core dump will be written. Minidumps are not enabled by default on client versions of Windows
#

---------------  S U M M A R Y ------------

Command Line: -Dnet.bytebuddy.agent.attacher.dump= net.bytebuddy.agent.Attacher com.sun.tools.attach.VirtualMachine 11592 C:\Users\gena-\.m2\repository\net\bytebuddy\byte-buddy-agent\1.14.4\byte-buddy-agent-1.14.4.jar false 

Host: Intel(R) Core(TM) i5-9300H CPU @ 2.40GHz, 8 cores, 7G,  Windows 10 , 64 bit Build 19041 (10.0.19041.2913)
Time: Wed Jun  7 21:46:58 2023 RTZ 2 (s 10 , 64 bit Build 19041 (10.0.19041.2913) elapsed time: 0.016443 seconds (0d 0h 0m 0s)

---------------  T H R E A D  ---------------

Current thread (0x000001fe3faad430):  JavaThread "Unknown thread" [_thread_in_vm, id=19268, stack(0x000000fd7e500000,0x000000fd7e600000)]

Stack: [0x000000fd7e500000,0x000000fd7e600000]
Native frames: (J=compiled Java code, j=interpreted, Vv=VM code, C=native code)
V  [jvm.dll+0x672eea]
V  [jvm.dll+0x7d2a04]
V  [jvm.dll+0x7d41ae]
V  [jvm.dll+0x7d4813]
V  [jvm.dll+0x242c15]
V  [jvm.dll+0x66fe09]
V  [jvm.dll+0x664682]
V  [jvm.dll+0x300e8b]
V  [jvm.dll+0x308426]
V  [jvm.dll+0x357ffe]
V  [jvm.dll+0x35822f]
V  [jvm.dll+0x2d80a8]
V  [jvm.dll+0x2d9014]
V  [jvm.dll+0x7a44e1]
V  [jvm.dll+0x365df1]
V  [jvm.dll+0x7838fc]
V  [jvm.dll+0x3e873f]
V  [jvm.dll+0x3ea1e1]
C  [jli.dll+0x527b]
C  [ucrtbase.dll+0x21bb2]
C  [KERNEL32.DLL+0x17614]
C  [ntdll.dll+0x526a1]


---------------  P R O C E S S  ---------------

Threads class SMR info:
_java_thread_list=0x00007ffa920da8d8, length=0, elements={
}

Java Threads: ( => current thread )

Other Threads:
  0x000001fe3fb08e10 GCTaskThread "GC Thread#0" [stack: 0x000000fd7e600000,0x000000fd7e700000] [id=20332]
  0x000001fe3fb1a8f0 ConcurrentGCThread "G1 Main Marker" [stack: 0x000000fd7e700000,0x000000fd7e800000] [id=13612]
  0x000001fe3fb1b9b0 ConcurrentGCThread "G1 Conc#0" [stack: 0x000000fd7e800000,0x000000fd7e900000] [id=6132]

[error occurred during error reporting (printing all threads), id 0xc0000005, EXCEPTION_ACCESS_VIOLATION (0xc0000005) at pc=0x00007ffa91928a97]

VM state: not at safepoint (not fully initialized)

VM Mutex/Monitor currently owned by a thread:  ([mutex/lock_event])
[0x000001fe3faaa0b0] Heap_lock - owner thread: 0x000001fe3faad430

Heap address: 0x0000000081c00000, size: 2020 MB, Compressed Oops mode: 32-bit

CDS archive(s) mapped at: [0x0000000000000000-0x0000000000000000-0x0000000000000000), size 0, SharedBaseAddress: 0x0000000800000000, ArchiveRelocationMode: 0.
Narrow klass base: 0x0000000000000000, Narrow klass shift: 0, Narrow klass range: 0x0

GC Precious Log:
<Empty>

Heap:
 garbage-first heap   total 0K, used 0K [0x0000000081c00000, 0x0000000100000000)
  region size 1024K, 0 young (0K), 0 survivors (0K)

[error occurred during error reporting (printing heap information), id 0xc0000005, EXCEPTION_ACCESS_VIOLATION (0xc0000005) at pc=0x00007ffa91d0c399]

GC Heap History (0 events):
No events

Deoptimization events (0 events):
No events

Classes unloaded (0 events):
No events

Classes redefined (0 events):
No events

Internal exceptions (0 events):
No events

VM Operations (0 events):
No events

Events (1 events):
Event: 0.010 Loaded shared library C:\Program Files\Java\jdk-17.0.5\bin\java.dll


Dynamic libraries:
0x00007ff6458c0000 - 0x00007ff6458d0000 	C:\Program Files\Java\jdk-17.0.5\bin\java.exe
0x00007ffae8230000 - 0x00007ffae8428000 	C:\Windows\SYSTEM32\ntdll.dll
0x00007ffae6380000 - 0x00007ffae643f000 	C:\Windows\System32\KERNEL32.DLL
0x00007ffae5e30000 - 0x00007ffae6126000 	C:\Windows\System32\KERNELBASE.dll
0x00007ffae59b0000 - 0x00007ffae5ab0000 	C:\Windows\System32\ucrtbase.dll
0x00007ffad4bb0000 - 0x00007ffad4bc8000 	C:\Program Files\Java\jdk-17.0.5\bin\jli.dll
0x00007ffae0d00000 - 0x00007ffae0d1a000 	C:\Program Files\Java\jdk-17.0.5\bin\VCRUNTIME140.dll
0x00007ffae7750000 - 0x00007ffae77ff000 	C:\Windows\System32\ADVAPI32.dll
0x00007ffae79f0000 - 0x00007ffae7a8e000 	C:\Windows\System32\msvcrt.dll
0x00007ffae6c30000 - 0x00007ffae6ccc000 	C:\Windows\System32\sechost.dll
0x00007ffae7a90000 - 0x00007ffae7bb6000 	C:\Windows\System32\RPCRT4.dll
0x00007ffae8050000 - 0x00007ffae81ed000 	C:\Windows\System32\USER32.dll
0x00007ffae5d70000 - 0x00007ffae5d92000 	C:\Windows\System32\win32u.dll
0x00007ffad2700000 - 0x00007ffad299a000 	C:\Windows\WinSxS\amd64_microsoft.windows.common-controls_6595b64144ccf1df_6.0.19041.1110_none_60b5254171f9507e\COMCTL32.dll
0x00007ffae7860000 - 0x00007ffae788c000 	C:\Windows\System32\GDI32.dll
0x00007ffae5ba0000 - 0x00007ffae5cb5000 	C:\Windows\System32\gdi32full.dll
0x00007ffae5910000 - 0x00007ffae59ad000 	C:\Windows\System32\msvcp_win.dll
0x00007ffaded50000 - 0x00007ffaded5a000 	C:\Windows\SYSTEM32\VERSION.dll
0x00007ffae6550000 - 0x00007ffae6580000 	C:\Windows\System32\IMM32.DLL
0x00007ffadf460000 - 0x00007ffadf46c000 	C:\Program Files\Java\jdk-17.0.5\bin\vcruntime140_1.dll
0x00007ffab1de0000 - 0x00007ffab1e6d000 	C:\Program Files\Java\jdk-17.0.5\bin\msvcp140.dll
0x00007ffa91640000 - 0x00007ffa92202000 	C:\Program Files\Java\jdk-17.0.5\bin\server\jvm.dll
0x00007ffae79e0000 - 0x00007ffae79e8000 	C:\Windows\System32\PSAPI.DLL
0x00007ffacd810000 - 0x00007ffacd819000 	C:\Windows\SYSTEM32\WSOCK32.dll
0x00007ffae12c0000 - 0x00007ffae12e7000 	C:\Windows\SYSTEM32\WINMM.dll
0x00007ffae7890000 - 0x00007ffae78fb000 	C:\Windows\System32\WS2_32.dll
0x00007ffae4160000 - 0x00007ffae4172000 	C:\Windows\SYSTEM32\kernel.appcore.dll
0x00007ffadde10000 - 0x00007ffadde1a000 	C:\Program Files\Java\jdk-17.0.5\bin\jimage.dll
0x00007ffae37a0000 - 0x00007ffae3984000 	C:\Windows\SYSTEM32\DBGHELP.DLL
0x00007ffad14a0000 - 0x00007ffad14d4000 	C:\Windows\SYSTEM32\dbgcore.DLL
0x00007ffae5da0000 - 0x00007ffae5e22000 	C:\Windows\System32\bcryptPrimitives.dll
0x00007ffac5890000 - 0x00007ffac58b5000 	C:\Program Files\Java\jdk-17.0.5\bin\java.dll

dbghelp: loaded successfully - version: 4.0.5 - missing functions: none
symbol engine: initialized successfully - sym options: 0x614 - pdb path: .;C:\Program Files\Java\jdk-17.0.5\bin;C:\Windows\SYSTEM32;C:\Windows\WinSxS\amd64_microsoft.windows.common-controls_6595b64144ccf1df_6.0.19041.1110_none_60b5254171f9507e;C:\Program Files\Java\jdk-17.0.5\bin\server

VM Arguments:
jvm_args: -Dnet.bytebuddy.agent.attacher.dump= 
java_command: net.bytebuddy.agent.Attacher com.sun.tools.attach.VirtualMachine 11592 C:\Users\gena-\.m2\repository\net\bytebuddy\byte-buddy-agent\1.14.4\byte-buddy-agent-1.14.4.jar false 
java_class_path (initial): C:\Users\gena-\.m2\repository\net\bytebuddy\byte-buddy-agent\1.14.4\byte-buddy-agent-1.14.4.jar
Launcher Type: SUN_STANDARD

[Global flags]
     intx CICompilerCount                          = 4                                         {product} {ergonomic}
     uint ConcGCThreads                            = 2                                         {product} {ergonomic}
     uint G1ConcRefinementThreads                  = 8                                         {product} {ergonomic}
   size_t G1HeapRegionSize                         = 1048576                                   {product} {ergonomic}
    uintx GCDrainStackTargetSize                   = 64                                        {product} {ergonomic}
   size_t InitialHeapSize                          = 134217728                                 {product} {ergonomic}
   size_t MarkStackSize                            = 4194304                                   {product} {ergonomic}
   size_t MaxHeapSize                              = 2118123520                                {product} {ergonomic}
   size_t MinHeapDeltaBytes                        = 1048576                                   {product} {ergonomic}
   size_t MinHeapSize                              = 8388608                                   {product} {ergonomic}
    uintx NonNMethodCodeHeapSize                   = 5839372                                {pd product} {ergonomic}
    uintx NonProfiledCodeHeapSize                  = 122909434                              {pd product} {ergonomic}
    uintx ProfiledCodeHeapSize                     = 122909434                              {pd product} {ergonomic}
    uintx ReservedCodeCacheSize                    = 251658240                              {pd product} {ergonomic}
     bool SegmentedCodeCache                       = true                                      {product} {ergonomic}
   size_t SoftMaxHeapSize                          = 2118123520                             {manageable} {ergonomic}
     bool UseCompressedClassPointers               = true                           {product lp64_product} {ergonomic}
     bool UseCompressedOops                        = true                           {product lp64_product} {ergonomic}
     bool UseG1GC                                  = true                                      {product} {ergonomic}
     bool UseLargePagesIndividualAllocation        = false                                  {pd product} {ergonomic}

Logging:
Log output configuration:
 #0: stdout all=warning uptime,level,tags
 #1: stderr all=off uptime,level,tags

Environment Variables:
JAVA_HOME=C:\Program Files\Java\jdk-17.0.5
PATH=C:\Program Files\Common Files\Oracle\Java\javapath;C:\ProgramData\Oracle\Java\javapath;C:\Program Files (x86)\Common Files\Intel\Shared Libraries\redist\intel64\compiler;C:\Windows\system32;C:\Windows;C:\Windows\System32\Wbem;C:\Windows\System32\WindowsPowerShell\v1.0\;C:\Windows\System32\OpenSSH\;C:\Program Files\dotnet\;C:\Program Files\Microsoft SQL Server\Client SDK\ODBC\130\Tools\Binn\;C:\Program Files (x86)\Microsoft SQL Server\140\Tools\Binn\;C:\Program Files\Microsoft SQL Server\140\Tools\Binn\;C:\Program Files\Microsoft SQL Server\140\DTS\Binn\;C:\Program Files\Azure Data Studio\bin;C:\Program Files\TortoiseSVN\bin;C:\Program Files (x86)\Windows Live\Shared;C:\Program Files\Git\cmd;C:\Program Files\Git\mingw64\bin;C:\Program Files\Git\usr\bin;C:\Program Files\gradle-8.1.1\bin;D:\gena-\AppData\Local\Programs\Python\Python39\Scripts\;D:\gena-\AppData\Local\Programs\Python\Python39\;C:\Users\gena-\AppData\Local\Microsoft\WindowsApps;D:\Program Files\ffmpeg\;C:\Users\gena-\.dotnet\tools;C:\Program Files\Azure Data Studio\bin;C:\Users\gena-\AppData\Local\Programs\Microsoft VS Code\bin;D:\Program Files\sqlite-tools-win32-x86-3400100;C:\Program Files\apache-maven-3.9.2\bin;C:\Program Files\gradle-8.1.1\bin;
USERNAME=gena-
OS=Windows_NT
PROCESSOR_IDENTIFIER=Intel64 Family 6 Model 158 Stepping 10, GenuineIntel



---------------  S Y S T E M  ---------------

OS:
 Windows 10 , 64 bit Build 19041 (10.0.19041.2913)
OS uptime: 7 days 10:02 hours

CPU: total 8 (initial active 8) (4 cores per cpu, 2 threads per core) family 6 model 158 stepping 10 microcode 0xc6, cx8, cmov, fxsr, ht, mmx, 3dnowpref, sse, sse2, sse3, ssse3, sse4.1, sse4.2, popcnt, lzcnt, tsc, tscinvbit, avx, avx2, aes, erms, clmul, bmi1, bmi2, adx, fma, vzeroupper, clflush, clflushopt

Memory: 4k page, system-wide physical 8072M (566M free)
TotalPageFile size 16494M (AvailPageFile size 117M)
current process WorkingSet (physical memory assigned to process): 10M, peak: 10M
current process commit charge ("private bytes"): 60M, peak: 188M

vm_info: Java HotSpot(TM) 64-Bit Server VM (17.0.5+9-LTS-191) for windows-amd64 JRE (17.0.5+9-LTS-191), built on Sep 13 2022 17:31:43 by "mach5one" with MS VC++ 16.8 / 16.9 (VS2019)

END.
